A gnomADg:EAS 6.16523e-04 1
G gnomADg:EAS 0.999383477 1621
A gnomADg:NFE 5.98384e-01 8959
G gnomADg:NFE 0.401616 6013
A gnomADg:AMR 2.02864e-01 170
G gnomADg:AMR 0.797136 668
G gnomADg:ALL 0.588821 18204
A gnomADg:ALL 4.11179e-01 12712
G gnomADg:AFR 0.874656 7620
A gnomADg:AFR 1.25344e-01 1092
G gnomADg:ASJ 0.897351 271
A gnomADg:ASJ 1.02649e-01 31
G gnomADg:FIN 0.428653 1496
A gnomADg:FIN 5.71347e-01 1994
A gnomADg:OTH 4.74490e-01 465
G gnomADg:OTH 0.52551 515
A TOPMed 0.349131 NA
G TOPMed 0.650869 NA
A TWINSUK 0.717124 2563
G TWINSUK 0.282876 1011
A ALSPAC 0.731707 2820
C ALSPAC 0.000259 1
G ALSPAC 0.268034 1033
G 1000GENOMES:phase_3:ASW 0.827868852459016 101
A 1000GENOMES:phase_3:ASW 0.172131147540984 21
G 1000GENOMES:phase_3:CHB 1 206
A 1000GENOMES:phase_3:FIN 0.590909090909091 117
G 1000GENOMES:phase_3:FIN 0.409090909090909 81
1000GENOMES:phase_3:HG01885 A|G
1000GENOMES:phase_3:HG01886 G|A
1000GENOMES:phase_3:HG01988 A|G
1000GENOMES:phase_3:HG02010 G|A
1000GENOMES:phase_3:HG02420 G|A
1000GENOMES:phase_3:HG02449 G|A
1000GENOMES:phase_3:HG02476 A|G
1000GENOMES:phase_3:HG02501 A|G
1000GENOMES:phase_3:HG02505 G|A
1000GENOMES:phase_3:HG02537 A|G
1000GENOMES:phase_3:HG02577 A|G
1000GENOMES:phase_3:ACB A|G 0.114583333333333 11
1000GENOMES:phase_3:ACB A|A 0.0104166666666667 1
1000GENOMES:phase_3:ACB G|G 0.875 84
