rs34836514 rs73260771 1.000000 1.000000
rs117626425 rs117260513 1.000000 1.000000
rs2443097 rs2598001 1.000000 1.000000
rs2708381 rs35218320 1.000000 1.000000
rs77529670 rs148435543 1.000000 1.000000
rs150621055 rs147785921 1.000000 1.000000
rs150165778 rs67450028 1.000000 1.000000
rs35931025 rs2708381 1.000000 1.000000
rs115799099 rs147785921 1.000000 1.000000
rs138432187 rs117260513 1.000000 1.000000
rs73053088 rs73053090 1.000000 1.000000
rs117260513 rs67450028 1.000000 1.000000
rs140289927 rs148435543 1.000000 1.000000
rs2044826 rs2598001 1.000000 1.000000
rs117626425 rs67450028 1.000000 1.000000
rs150621055 rs77529670 1.000000 1.000000
rs117349458 rs74495817 1.000000 1.000000
rs193272432 rs117740964 1.000000 1.000000
rs199881531 rs117430287 1.000000 1.000000
rs138432187 rs67450028 1.000000 1.000000
rs193272432 rs117260513 1.000000 1.000000
rs76593896 rs141058836 1.000000 1.000000
rs193272432 rs150165778 1.000000 1.000000
rs2708385 rs2708384 1.000000 1.000000
rs76108931 rs75314713 1.000000 1.000000
rs150165778 rs117260513 1.000000 1.000000
rs2443097 rs2708380 1.000000 1.000000
rs117260513 rs117430287 1.000000 1.000000
rs138432187 rs117740964 1.000000 1.000000
rs117626425 rs74495817 1.000000 1.000000
rs530003793 rs181545044 1.000000 1.000000
rs138432187 rs199881531 1.000000 1.000000
rs74495817 rs117260513 1.000000 1.000000
rs77529670 rs76593896 1.000000 1.000000
rs115799099 rs117372023 1.000000 1.000000
rs2443097 rs2597996 1.000000 1.000000
rs117626425 rs150165778 1.000000 1.000000
rs2044826 rs2708385 1.000000 1.000000
rs139180973 rs147785921 1.000000 1.000000
rs138432187 rs117430287 1.000000 1.000000
rs76593896 rs117372023 1.000000 1.000000
rs117626425 rs138432187 1.000000 1.000000
rs144214109 rs147785921 1.000000 1.000000
rs34176301 rs34634642 1.000000 1.000000
rs79000856 rs67450028 1.000000 1.000000
rs150165778 rs74495817 1.000000 1.000000
rs115799099 rs148435543 1.000000 1.000000
rs181473615 rs546136919 1.000000 1.000000
rs2443097 rs2044826 1.000000 1.000000
rs148435543 rs141058836 1.000000 1.000000
rs117626425 rs79000856 1.000000 1.000000
rs117349458 rs199881531 1.000000 1.000000
rs138432187 rs79000856 1.000000 1.000000
rs35093093 rs7970996 1.000000 1.000000
rs199881531 rs117740964 1.000000 1.000000
rs150165778 rs117740964 1.000000 1.000000
rs117430287 rs67450028 1.000000 1.000000
rs2044826 rs2597997 1.000000 1.000000
rs115799099 rs139180973 1.000000 1.000000
rs75569441 rs201585352 1.000000 1.000000
rs7973242 rs2708381 1.000000 1.000000
rs79000856 rs199881531 1.000000 1.000000
rs202165583 rs201585352 1.000000 1.000000
rs2597996 rs2598001 1.000000 1.000000
rs150621055 rs117372023 1.000000 1.000000
rs34176301 rs35207716 1.000000 1.000000
rs115799099 rs76593896 1.000000 1.000000
rs144214109 rs141058836 1.000000 1.000000
rs116090966 rs67450028 1.000000 1.000000
rs11608503 rs111644153 1.000000 1.000000
rs144214109 rs117372023 1.000000 1.000000
rs147785921 rs141058836 1.000000 1.000000
rs2597996 rs2597997 1.000000 1.000000
rs150621055 rs115799099 1.000000 1.000000
rs117430287 rs116090966 1.000000 1.000000
rs1817043 rs2255418 1.000000 1.000000
rs138432187 rs116090966 1.000000 1.000000
rs35931025 rs2255520 1.000000 1.000000
rs71453413 rs34086172 1.000000 1.000000
rs2443097 rs2597997 1.000000 1.000000
rs35931025 rs35218320 1.000000 1.000000
rs2255418 rs2599415 1.000000 1.000000
rs193272432 rs138432187 1.000000 1.000000
rs199881531 rs117260513 1.000000 1.000000
rs73053046 rs2708381 1.000000 1.000000
rs34634642 rs73260771 1.000000 1.000000
rs73053046 rs35218320 1.000000 1.000000
rs7973242 rs35931025 1.000000 1.000000
rs2044826 rs2708380 1.000000 1.000000
rs115799099 rs141058836 1.000000 1.000000
rs150621055 rs141058836 1.000000 1.000000
rs144214109 rs148435543 1.000000 1.000000
rs117349458 rs117260513 1.000000 1.000000
rs77529670 rs115799099 1.000000 1.000000
rs150165778 rs117349458 1.000000 1.000000
rs150165778 rs79000856 1.000000 1.000000
rs78667021 rs67551691 1.000000 1.000000
rs117626425 rs199881531 1.000000 1.000000
rs34836514 rs34634642 1.000000 1.000000
rs79000856 rs116090966 1.000000 1.000000
rs117349458 rs117740964 1.000000 1.000000
rs115639513 rs202165583 1.000000 1.000000
rs115639513 rs201847607 1.000000 1.000000
rs77529670 rs144214109 1.000000 1.000000
rs1839569 rs1839568 1.000000 1.000000
rs7970996 rs2255520 1.000000 1.000000
rs139180973 rs141058836 1.000000 1.000000
rs79000856 rs117349458 1.000000 1.000000
rs147785921 rs148435543 1.000000 1.000000
rs150621055 rs76593896 1.000000 1.000000
rs2597997 rs2598001 1.000000 1.000000
rs34176301 rs34836514 1.000000 1.000000
rs2597996 rs2708384 1.000000 1.000000
rs7970996 rs2708381 1.000000 1.000000
rs148435543 rs117372023 1.000000 1.000000
rs117260513 rs117740964 1.000000 1.000000
rs117430287 rs117740964 1.000000 1.000000
rs35093093 rs35218320 1.000000 1.000000
rs2708386 rs2708383 1.000000 1.000000
rs150165778 rs199881531 1.000000 1.000000
rs2598001 rs2708380 1.000000 1.000000
rs2708384 rs2708380 1.000000 1.000000
rs76593896 rs147785921 1.000000 1.000000
rs76593896 rs148435543 1.000000 1.000000
rs2443097 rs2708385 1.000000 1.000000
rs79000856 rs117260513 1.000000 1.000000
rs77529670 rs147785921 1.000000 1.000000
rs2708384 rs2598001 1.000000 1.000000
rs140289927 rs144214109 1.000000 1.000000
rs77529670 rs117372023 1.000000 1.000000
rs74495817 rs116090966 1.000000 1.000000
rs150165778 rs117430287 1.000000 1.000000
rs138432187 rs150165778 1.000000 1.000000
rs117740964 rs116090966 1.000000 1.000000
rs150621055 rs144214109 1.000000 1.000000
rs76593896 rs139180973 1.000000 1.000000
rs117626425 rs117740964 1.000000 1.000000
rs35093093 rs35931025 1.000000 1.000000
rs61912073 rs11291284 1.000000 1.000000
rs7973242 rs7970996 1.000000 1.000000
rs75939476 rs76967483 1.000000 1.000000
rs2044826 rs2708384 1.000000 1.000000
rs73053046 rs2255520 1.000000 1.000000
rs2708385 rs2598001 1.000000 1.000000
rs1817043 rs2599415 1.000000 1.000000
rs2597998 rs2598000 1.000000 1.000000
rs2598000 rs2708383 1.000000 1.000000
rs74495817 rs67450028 1.000000 1.000000
rs5796421 rs1839568 1.000000 1.000000
rs139180973 rs144214109 1.000000 1.000000
rs193272432 rs79000856 1.000000 1.000000
rs2708386 rs2597998 1.000000 1.000000
rs35413384 rs11526041 1.000000 1.000000
rs77529670 rs140289927 1.000000 1.000000
rs73260771 rs35207716 1.000000 1.000000
rs7973242 rs2255520 1.000000 1.000000
rs2708381 rs2255520 1.000000 1.000000
rs35218320 rs2255520 1.000000 1.000000
rs117740964 rs67450028 1.000000 1.000000
rs140289927 rs141058836 1.000000 1.000000
rs2708385 rs2708380 1.000000 1.000000
rs77529670 rs141058836 1.000000 1.000000
rs75569441 rs201847607 1.000000 1.000000
rs117626425 rs117349458 1.000000 1.000000
rs35093093 rs73053046 1.000000 1.000000
rs138432187 rs74495817 1.000000 1.000000
rs35093093 rs2255520 1.000000 1.000000
rs150621055 rs148435543 1.000000 1.000000
rs150621055 rs140289927 1.000000 1.000000
rs193272432 rs117626425 1.000000 1.000000
rs139180973 rs140289927 1.000000 1.000000
rs115799099 rs144214109 1.000000 1.000000
rs2597996 rs2044826 1.000000 1.000000
rs75569441 rs115639513 1.000000 1.000000
rs2597996 rs2708380 1.000000 1.000000
rs77529670 rs139180973 1.000000 1.000000
rs117349458 rs117430287 1.000000 1.000000
rs527655071 rs547291030 1.000000 1.000000
rs117626425 rs116090966 1.000000 1.000000
rs7973242 rs73053046 1.000000 1.000000
rs150165778 rs116090966 1.000000 1.000000
rs140289927 rs117372023 1.000000 1.000000
rs117349458 rs116090966 1.000000 1.000000
rs76593896 rs144214109 1.000000 1.000000
rs7973242 rs35218320 1.000000 1.000000
rs193195808 rs142494492 1.000000 1.000000
rs75569441 rs202165583 1.000000 1.000000
rs115639513 rs201585352 1.000000 1.000000
rs140289927 rs147785921 1.000000 1.000000
rs34634642 rs35207716 1.000000 1.000000
rs193272432 rs117430287 1.000000 1.000000
rs117260513 rs116090966 1.000000 1.000000
rs61912077 rs188249561 1.000000 1.000000
rs117349458 rs67450028 1.000000 1.000000
rs193272432 rs67450028 1.000000 1.000000
rs79000856 rs74495817 1.000000 1.000000
rs74495817 rs117430287 1.000000 1.000000
rs2443097 rs2708384 1.000000 1.000000
rs193272432 rs117349458 1.000000 1.000000
rs7970996 rs35218320 1.000000 1.000000
rs139180973 rs148435543 1.000000 1.000000
rs201847607 rs201585352 1.000000 1.000000
rs150621055 rs139180973 1.000000 1.000000
rs115799099 rs140289927 1.000000 1.000000
rs193272432 rs199881531 1.000000 1.000000
rs74495817 rs117740964 1.000000 1.000000
rs138432187 rs117349458 1.000000 1.000000
rs5796421 rs1839569 1.000000 1.000000
rs193272432 rs74495817 1.000000 1.000000
rs35093093 rs2708381 1.000000 1.000000
rs7970996 rs73053046 1.000000 1.000000
rs199881531 rs67450028 1.000000 1.000000
rs76593896 rs140289927 1.000000 1.000000
rs139180973 rs117372023 1.000000 1.000000
rs2597998 rs2708383 1.000000 1.000000
rs2597997 rs2708380 1.000000 1.000000
rs79000856 rs117740964 1.000000 1.000000
rs34176301 rs73260771 1.000000 1.000000
rs7973242 rs35093093 1.000000 1.000000
rs201847607 rs202165583 1.000000 1.000000
rs34836514 rs35207716 1.000000 1.000000
rs2597996 rs2708385 1.000000 1.000000
rs141058836 rs117372023 1.000000 1.000000
rs2708386 rs2598000 1.000000 1.000000
rs74495817 rs199881531 1.000000 1.000000
rs2597997 rs2708384 1.000000 1.000000
rs79000856 rs117430287 1.000000 1.000000
rs2597997 rs2708385 1.000000 1.000000
rs35931025 rs7970996 1.000000 1.000000
rs117626425 rs117430287 1.000000 1.000000
rs199881531 rs116090966 1.000000 1.000000
rs147785921 rs117372023 1.000000 1.000000
rs35931025 rs73053046 1.000000 1.000000
rs193272432 rs116090966 1.000000 1.000000
rs9803041 rs9803135 1.000000 1.000000
rs7304579 rs117728665 0.774875 0.205293
rs7304579 rs140351715 0.774875 0.205293
rs7304579 rs76154331 0.774875 0.205293
rs7304579 rs116833044 0.774875 0.205293
rs7304579 rs150894148 1.000000 0.272237
rs7304579 rs11054151 1.000000 1.000000
rs7304579 rs10492104 0.774875 0.205293
rs7304579 rs183035172 0.999999 0.067109
rs7304579 rs35653945 1.000000 1.000000
rs7304579 rs115720357 0.774875 0.205293
rs7304579 rs34292055 1.000000 1.000000
rs7304579 rs35729761 0.999817 0.059725
rs7304579 rs7135941 1.000000 1.000000
rs7304579 rs117983982 1.000000 0.272237
rs7304579 rs67679362 0.658706 0.252342
rs7304579 rs149080852 0.685650 0.436603
rs7304579 rs143791513 1.000000 0.272237
rs7304579 rs182097633 0.777842 0.206868
rs7304579 rs11054168 1.000000 0.700415
rs7304579 rs146731818 1.000000 0.272237
rs7304579 rs34814394 0.666828 0.105033
rs7304579 rs141058836 0.777842 0.206868
rs7304579 rs4604977 1.000000 1.000000
rs7304579 rs146890616 0.777842 0.206868
rs7304579 rs2600340 0.999772 0.083413
rs7304579 rs35941350 1.000000 1.000000
rs7304579 rs184271690 0.777842 0.206868
rs7304579 rs12226920 1.000000 1.000000
rs7304579 rs7310849 1.000000 0.700415
rs7304579 rs374456939 0.777842 0.206868
rs7304579 rs369566555 0.577219 0.307859
rs7304579 rs115366413 0.774875 0.205293
rs7304579 rs7305184 1.000000 1.000000
rs7304579 rs558392457 0.999999 0.067109
rs7304579 rs7312202 1.000000 1.000000
rs7304579 rs16926141 1.000000 0.272237
rs7304579 rs35911096 0.658706 0.252342
rs7304579 rs10772392 0.999883 0.083432
rs7304579 rs11054076 0.896584 0.230812
rs7304579 rs10772389 0.603329 0.126141
rs7304579 rs11054082 0.692889 0.148393
rs7304579 rs10772409 1.000000 1.000000
rs7304579 rs116614841 0.777842 0.206868
rs7304579 rs35413384 1.000000 0.700415
rs7304579 rs16925810 1.000000 0.272237
rs7304579 rs190900682 0.777842 0.206868
rs7304579 rs75869188 0.777842 0.206868
rs7304579 rs71443637 0.669336 0.304293
rs7304579 rs374908331 0.577219 0.307859
rs7304579 rs78352277 0.774875 0.205293
rs7304579 rs117338647 1.000000 0.272237
rs7304579 rs200687763 0.999999 0.067109
rs7304579 rs10772407 1.000000 1.000000
rs7304579 rs146658776 0.777842 0.206868
rs7304579 rs11054141 1.000000 1.000000
rs7304579 rs148000372 1.000000 0.272237
rs7304579 rs11054142 1.000000 1.000000
rs7304579 rs151093769 0.774875 0.205293
rs7304579 rs138868284 0.777842 0.206868
rs7304579 rs3930723 0.774875 0.205293
rs7304579 rs11054156 1.000000 1.000000
rs7304579 rs151267346 0.777842 0.206868
rs7304579 rs71453413 0.997964 0.052190
rs7304579 rs7138953 1.000000 0.700415
rs7304579 rs117732988 0.774875 0.205293
rs7304579 rs79439764 1.000000 0.272237
rs7304579 rs67420003 0.999999 0.718602
rs7304579 rs11054143 1.000000 1.000000
rs7304579 rs147231713 0.777842 0.206868
rs7304579 rs190014120 0.629655 0.163441
rs7304579 rs150532855 0.774875 0.205293
rs7304579 rs575038340 0.999999 0.067109
rs7304579 rs74951813 1.000000 0.848739
rs7304579 rs140259443 0.292209 0.066107
rs7304579 rs115825361 0.774875 0.205293
rs7304579 rs144231511 0.624580 0.160817
rs7304579 rs4763601 0.507699 0.092385
rs7304579 rs10845244 0.513714 0.097907
rs7304579 rs76967483 0.986613 0.051980
rs7304579 rs117307622 1.000000 0.272237
rs7304579 rs11054159 1.000000 1.000000
rs7304579 rs3851585 0.774875 0.205293
rs7304579 rs548132252 0.999999 0.067109
rs7304579 rs7305319 1.000000 1.000000
rs7304579 rs1817043 0.999772 0.083413
rs7304579 rs114730288 0.774875 0.205293
rs7304579 rs117943081 0.777842 0.206868
rs7304579 rs147548888 0.777842 0.206868
rs7304579 rs117351874 0.774875 0.205293
rs7304579 rs140976114 0.430802 0.050525
rs7304579 rs201512919 0.577219 0.307859
rs7304579 rs2900581 1.000000 0.700415
rs7304579 rs143455255 0.777842 0.206868
rs7304579 rs10845243 0.598305 0.120025
rs7304579 rs10845296 0.999772 0.083413
rs7304579 rs67861347 1.000000 1.000000
rs7304579 rs115645663 1.000000 0.272237
rs7304579 rs11054152 1.000000 1.000000
rs7304579 rs4270005 1.000000 1.000000
rs7304579 rs11054135 1.000000 1.000000
rs7304579 rs140011522 0.777842 0.206868
rs7304579 rs10772397 0.999996 0.256133
rs7304579 rs66963320 0.658706 0.252342
rs7304579 rs66500066 0.999999 0.465345
rs7304579 rs146156790 0.774875 0.205293
rs7304579 rs6488335 0.999987 0.147650
rs7304579 rs367720012 0.777842 0.206868
rs7304579 rs12319023 0.999998 0.554943
rs7304579 rs10772403 1.000000 1.000000
rs7304579 rs1868761 1.000000 1.000000
rs7304579 rs117740964 1.000000 0.272237
rs7304579 rs202107922 0.774875 0.205293
rs7304579 rs7311538 1.000000 1.000000
rs7304579 rs113903003 1.000000 0.272237
rs7304579 rs76593896 0.777842 0.206868
rs7304579 rs7301545 1.000000 1.000000
rs7304579 rs373005925 0.774875 0.205293
rs7304579 rs74772077 0.999999 0.067109
rs7304579 rs375843619 0.777842 0.206868
rs7304579 rs117826044 1.000000 0.272237
rs7304579 rs141127171 0.777842 0.206868
rs7304579 rs74495817 1.000000 0.272237
rs7304579 rs35838979 0.999269 0.063081
rs7304579 rs11054137 1.000000 1.000000
rs7304579 rs202134446 0.774875 0.205293
rs7304579 rs36104587 1.000000 1.000000
rs7304579 rs10845276 1.000000 1.000000
rs7304579 rs201680175 1.000000 0.272237
rs7304579 rs146071919 0.777842 0.206868
rs7304579 rs147882003 1.000000 0.272237
rs7304579 rs147575753 0.777842 0.206868
rs7304579 rs10626938 1.000000 1.000000
rs7304579 rs35798059 1.000000 0.700415
rs7304579 rs2052179 0.899100 0.246516
rs7304579 rs117375724 0.774875 0.205293
rs7304579 rs116078892 0.777842 0.206868
rs7304579 rs550969293 1.000000 0.272237
rs7304579 rs74946391 0.774875 0.205293
rs7304579 rs7976610 0.999967 0.157505
rs7304579 rs117062990 0.774875 0.205293
rs7304579 rs141029085 0.777842 0.206868
rs7304579 rs4763235 1.000000 0.700415
rs7304579 rs10772408 0.999948 0.157499
rs7304579 rs116462212 1.000000 0.272237
rs7304579 rs539959012 0.999999 0.067109
rs7304579 rs74906004 0.665865 0.285341
rs7304579 rs11054157 1.000000 1.000000
rs7304579 rs114936179 0.774875 0.205293
rs7304579 rs4763612 1.000000 1.000000
rs7304579 rs2597979 0.999772 0.083413
rs7304579 rs1901190 1.000000 0.700415
rs7304579 rs115993410 0.774875 0.205293
rs7304579 rs145035530 0.777842 0.206868
rs7304579 rs374462076 0.774875 0.205293
rs7304579 rs116054434 0.774875 0.205293
rs7304579 rs2597988 0.999772 0.083413
rs7304579 rs116835040 0.774875 0.205293
rs7304579 rs116712256 1.000000 0.272237
rs7304579 rs145888183 1.000000 0.272237
rs7304579 rs75356565 1.000000 0.272237
rs7304579 rs1868763 1.000000 0.272237
rs7304579 rs35097305 1.000000 0.700415
rs7304579 rs181656237 0.777842 0.206868
rs7304579 rs117730443 0.774875 0.205293
rs7304579 rs140062199 0.430802 0.050525
rs7304579 rs200142494 0.999998 0.554943
rs7304579 rs10845269 1.000000 1.000000
rs7304579 rs116852574 0.774875 0.205293
rs7304579 rs2052180 0.999814 0.078884
rs7304579 rs7486983 0.999883 0.083432
rs7304579 rs114322200 0.774875 0.205293
rs7304579 rs200029065 0.722577 0.142140
rs7304579 rs1376251 1.000000 0.700415
rs7304579 rs150917538 0.777842 0.206868
rs7304579 rs113534444 1.000000 0.272237
rs7304579 rs114241550 1.000000 0.272237
rs7304579 rs5796419 0.598305 0.120025
rs7304579 rs117540161 1.000000 0.272237
rs7304579 rs117323332 1.000000 0.272237
rs7304579 rs76982756 0.774875 0.205293
rs7304579 rs529489876 0.430802 0.050525
rs7304579 rs11054160 1.000000 1.000000
rs7304579 rs561868209 0.999996 0.412242
rs7304579 rs7962655 0.999999 0.465345
rs7304579 rs369003453 0.999999 0.134846
rs7304579 rs114246188 1.000000 0.272237
rs7304579 rs7969080 0.896584 0.230812
rs7304579 rs36096249 0.999999 0.067109
rs7304579 rs16916337 1.000000 0.272237
rs7304579 rs6488330 0.674916 0.113518
rs7304579 rs146968065 1.000000 0.272237
rs7304579 rs10772406 1.000000 1.000000
rs7304579 rs7297167 0.999847 0.085000
rs7304579 rs114668160 0.774875 0.205293
rs7304579 rs35720106 1.000000 0.529505
rs7304579 rs4763628 1.000000 0.700415
rs7304579 rs7301713 1.000000 1.000000
rs7304579 rs34139542 0.603329 0.126141
rs7304579 rs118054697 1.000000 0.272237
rs7304579 rs68071847 0.999999 0.465345
rs7304579 rs1868760 1.000000 1.000000
rs7304579 rs145237482 0.774875 0.205293
rs7304579 rs372160736 1.000000 0.774216
rs7304579 rs11054147 1.000000 1.000000
rs7304579 rs67336915 0.617666 0.146629
rs7304579 rs35885379 0.603329 0.126141
rs7304579 rs146239425 0.777842 0.206868
rs7304579 rs114573321 0.777842 0.206868
rs7304579 rs113264533 1.000000 0.272237
rs7304579 rs11054162 1.000000 1.000000
rs7304579 rs147207598 1.000000 0.774216
rs7304579 rs12311490 1.000000 1.000000
rs7304579 rs1450840 1.000000 1.000000
rs7304579 rs2599415 0.999772 0.083413
rs7304579 rs200737997 0.777842 0.206868
rs7304579 rs67241925 1.000000 0.700415
rs7304579 rs10772404 1.000000 1.000000
rs7304579 rs117217011 0.774875 0.205293
rs7304579 rs148871748 0.774875 0.205293
rs7304579 rs5024225 0.999744 0.065527
rs7304579 rs116478152 0.777842 0.206868
rs7304579 rs187655945 1.000000 0.272237
rs7304579 rs376635046 0.774875 0.205293
rs7304579 rs116490554 0.774875 0.205293
rs7304579 rs148169954 0.777842 0.206868
rs7304579 rs2597953 0.999772 0.083413
rs7304579 rs7303382 1.000000 1.000000
rs7304579 rs10845242 0.883540 0.175042
rs7304579 rs9651851 0.999766 0.071395
rs7304579 rs147333239 0.777842 0.206868
rs7304579 rs78616499 1.000000 0.774216
rs7304579 rs117958349 0.774875 0.205293
rs7304579 rs4589382 0.643402 0.200835
rs7304579 rs68064139 1.000000 1.000000
rs7304579 rs9803041 1.000000 0.700415
rs7304579 rs148435543 0.777842 0.206868
rs7304579 rs117000966 1.000000 0.272237
rs7304579 rs4418898 1.000000 1.000000
rs7304579 rs10772401 1.000000 1.000000
rs7304579 rs576736659 0.999999 0.067109
rs7304579 rs61253965 0.999999 0.067109
rs7304579 rs1965230 1.000000 0.700415
rs7304579 rs116857873 0.774875 0.205293
rs7304579 rs2060702 1.000000 1.000000
rs7304579 rs4360779 0.895295 0.223504
rs7304579 rs145446085 0.777842 0.206868
rs7304579 rs12312963 0.999999 0.627328
rs7304579 rs7297768 1.000000 1.000000
rs7304579 rs188785634 1.000000 0.272237
rs7304579 rs201011521 1.000000 0.272237
rs7304579 rs11054140 1.000000 0.700415
rs7304579 rs116374925 0.774875 0.205293
rs7304579 rs368164812 0.777842 0.206868
rs7304579 rs34966041 0.576875 0.098445
rs7304579 rs16925822 0.774875 0.205293
rs7304579 rs75222153 0.685650 0.436603
rs7304579 rs1868762 1.000000 1.000000
rs7304579 rs76443346 0.774875 0.205293
rs7304579 rs78625135 1.000000 0.848739
rs7304579 rs10732561 0.999772 0.083413
rs7304579 rs571684629 0.999999 0.067109
rs7304579 rs7305429 1.000000 1.000000
rs7304579 rs1868767 1.000000 0.272237
rs7304579 rs10772413 1.000000 1.000000
rs7304579 rs79000856 1.000000 0.272237
rs7304579 rs371912288 0.777842 0.206868
rs7304579 rs148174676 1.000000 0.272237
rs7304579 rs5796421 0.643402 0.200835
rs7304579 rs28498385 1.000000 1.000000
rs7304579 rs117413621 1.000000 0.272237
rs7304579 rs117901142 1.000000 0.272237
rs7304579 rs2597974 0.999772 0.083413
rs7304579 rs72475494 1.000000 0.700415
rs7304579 rs16926148 1.000000 0.272237
rs7304579 rs35180697 1.000000 1.000000
rs7304579 rs200660449 0.577219 0.307859
rs7304579 rs150165778 1.000000 0.272237
rs7304579 rs66840927 1.000000 0.700415
rs7304579 rs115714890 0.774875 0.205293
rs7304579 rs79835489 0.774875 0.205293
rs7304579 rs114420436 0.774875 0.205293
rs7304579 rs7306087 0.999772 0.083413
rs7304579 rs11054164 1.000000 0.700415
rs7304579 rs11054078 0.999979 0.180190
rs7304579 rs35101759 1.000000 1.000000
rs7304579 rs118026358 1.000000 0.272237
rs7304579 rs2900582 1.000000 0.700415
rs7304579 rs16926144 1.000000 0.272237
rs7304579 rs78975659 1.000000 0.923997
rs7304579 rs139180973 0.777842 0.206868
rs7304579 rs10772402 1.000000 1.000000
rs7304579 rs10845277 1.000000 1.000000
rs7304579 rs67661770 0.685650 0.436603
rs7304579 rs140289927 0.777842 0.206868
rs7304579 rs181171906 0.777842 0.206868
rs7304579 rs150408834 0.999996 0.412242
rs7304579 rs114486783 1.000000 0.272237
rs7304579 rs184968493 0.999999 0.067109
rs7304579 rs145639588 0.777842 0.206868
rs7304579 rs10845266 1.000000 1.000000
rs7304579 rs7316390 1.000000 1.000000
rs7304579 rs1901189 1.000000 1.000000
rs7304579 rs10161144 0.999987 0.141539
rs7304579 rs80316384 0.774875 0.205293
rs7304579 rs115712076 1.000000 0.272237
rs7304579 rs114729402 1.000000 0.272237
rs7304579 rs148245528 0.777842 0.206868
rs7304579 rs10772421 1.000000 0.700415
rs7304579 rs116605292 0.774875 0.205293
rs7304579 rs371300285 0.577219 0.307859
rs7304579 rs112340351 1.000000 0.272237
rs7304579 rs7310224 1.000000 0.700415
rs7304579 rs147956796 0.774875 0.205293
rs7304579 rs560149241 0.999999 0.067109
rs7304579 rs368548229 0.777842 0.206868
rs7304579 rs147785921 0.777842 0.206868
rs7304579 rs139903046 0.777842 0.206868
rs7304579 rs189295708 0.777842 0.206868
rs7304579 rs117372023 0.777842 0.206868
rs7304579 rs114435425 1.000000 0.272237
rs7304579 rs116745772 1.000000 0.272237
rs7304579 rs76715774 0.774875 0.205293
rs7304579 rs10772405 1.000000 1.000000
rs7304579 rs114874254 0.777842 0.206868
rs7304579 rs117983946 0.777842 0.206868
rs7304579 rs115789409 0.777842 0.206868
rs7304579 rs114830595 0.777842 0.206868
rs7304579 rs150725732 1.000000 0.700415
rs7304579 rs115356968 0.777842 0.206868
rs7304579 rs149045800 1.000000 0.272237
rs7304579 rs11054146 1.000000 1.000000
rs7304579 rs1450839 1.000000 1.000000
rs7304579 rs115799099 0.777842 0.206868
rs7304579 rs16925785 0.774875 0.205293
rs7304579 rs143045333 0.774875 0.205293
rs7304579 rs184870984 0.777842 0.206868
rs7304579 rs4388985 0.999772 0.083413
rs7304579 rs11054134 0.999989 0.256129
rs7304579 rs146767705 0.777842 0.206868
rs7304579 rs11054138 0.999993 0.270923
rs7304579 rs144713582 0.777842 0.206868
rs7304579 rs186099078 0.777842 0.206868
rs7304579 rs139124952 0.777842 0.206868
rs7304579 rs117349458 1.000000 0.272237
rs7304579 rs116575332 0.774875 0.205293
rs7304579 rs6488334 0.999986 0.164599
rs7304579 rs149589389 1.000000 0.272237
rs7304579 rs4763629 1.000000 0.700415
rs7304579 rs374000769 1.000000 0.272237
rs7304579 rs118051636 0.774875 0.205293
rs7304579 rs34952639 0.622214 0.154285
rs7304579 rs116243872 0.777842 0.206868
rs7304579 rs71453419 0.777842 0.206868
rs7304579 rs201732725 0.777842 0.206868
rs7304579 rs143339023 0.774875 0.205293
rs7304579 rs201865617 0.609086 0.370986
rs7304579 rs374679597 0.777842 0.206868
rs7304579 rs2900577 0.999772 0.083413
rs7304579 rs116090966 0.777842 0.206868
rs7304579 rs35969800 1.000000 0.700415
rs7304579 rs116772789 1.000000 0.272237
rs7304579 rs10845241 0.603329 0.126141
rs7304579 rs7133669 1.000000 1.000000
rs7304579 rs79420812 1.000000 0.700415
rs7304579 rs193272432 1.000000 0.272237
rs7304579 rs116603982 0.774875 0.205293
rs7304579 rs553983292 0.999999 0.067109
rs7304579 rs115825577 0.774875 0.205293
rs7304579 rs114485436 0.774875 0.205293
rs7304579 rs117187420 0.774875 0.205293
rs7304579 rs117968241 1.000000 0.272237
rs7304579 rs1868770 1.000000 0.272237
rs7304579 rs201441871 0.999996 0.412242
rs7304579 rs35672518 0.658706 0.252342
rs7304579 rs16925805 0.774875 0.205293
rs7304579 rs11054144 1.000000 1.000000
rs7304579 rs149931252 0.777842 0.206868
rs7304579 rs79873803 1.000000 0.923997
rs7304579 rs7316239 1.000000 1.000000
rs7304579 rs10772415 1.000000 1.000000
rs7304579 rs10845290 1.000000 1.000000
rs7304579 rs185078525 0.777842 0.206868
rs7304579 rs77529670 0.777842 0.206868
rs7304579 rs145138600 1.000000 0.272237
rs7304579 rs144863430 0.774875 0.205293
rs7304579 rs34965724 1.000000 1.000000
rs7304579 rs7961175 0.774875 0.205293
rs7304579 rs10772410 1.000000 1.000000
rs7304579 rs10845286 1.000000 1.000000
rs7304579 rs188298058 0.777842 0.206868
rs7304579 rs371064513 0.777842 0.206868
rs7304579 rs10845285 1.000000 1.000000
rs7304579 rs1868769 0.999772 0.083413
rs7304579 rs35684824 0.999999 0.506473
rs7304579 rs35638884 1.000000 0.700415
rs7304579 rs35253973 1.000000 0.700415
rs7304579 rs117625223 1.000000 0.272237
rs7304579 rs376580870 1.000000 0.272237
rs7304579 rs189352904 0.777842 0.206868
rs7304579 rs35762060 0.999999 0.465345
rs7304579 rs10772414 0.999772 0.083413
rs7304579 rs1839565 0.999999 0.465345
rs7304579 rs12226919 0.999999 0.718602
rs7304579 rs142580872 1.000000 0.272237
rs7304579 rs370513473 1.000000 0.272237
rs7304579 rs10772412 1.000000 1.000000
rs7304579 rs114167037 0.774875 0.205293
rs7304579 rs145127678 0.777842 0.206868
rs7304579 rs1450841 1.000000 1.000000
rs7304579 rs150652244 0.777842 0.206868
rs7304579 rs10845271 1.000000 1.000000
rs7304579 rs114031587 0.774875 0.205293
rs7304579 rs144645858 1.000000 0.272237
rs7304579 rs75022024 1.000000 0.272237
rs7304579 rs150779503 1.000000 0.272237
rs7304579 rs3741843 0.999938 0.070594
rs7304579 rs118040338 1.000000 0.272237
rs7304579 rs80240780 0.774875 0.205293
rs7304579 rs1868768 1.000000 0.272237
rs7304579 rs77906751 0.999999 0.067109
rs7304579 rs111324539 1.000000 0.272237
rs7304579 rs149592122 0.777842 0.206868
rs7304579 rs4763609 1.000000 1.000000
rs7304579 rs114865778 0.774875 0.205293
rs7304579 rs374427910 1.000000 0.272237
rs7304579 rs74597237 0.774875 0.205293
rs7304579 rs10734843 0.999772 0.083413
rs7304579 rs2708323 0.999772 0.083413
rs7304579 rs115516275 0.774875 0.205293
rs7304579 rs114830989 1.000000 0.272237
rs7304579 rs2900553 1.000000 0.700415
rs7304579 rs10845272 1.000000 1.000000
rs7304579 rs11054163 1.000000 1.000000
rs7304579 rs7304447 1.000000 1.000000
rs7304579 rs7968647 0.893958 0.216514
rs7304579 rs368780672 1.000000 0.272237
rs7304579 rs114424834 0.774875 0.205293
rs7304579 rs7304936 1.000000 1.000000
rs7304579 rs115516855 0.774875 0.205293
rs7304579 rs28569398 1.000000 1.000000
rs7304579 rs139689102 0.777842 0.206868
rs7304579 rs11054161 1.000000 1.000000
rs7304579 rs80096596 0.777842 0.206868
rs7304579 rs10845287 1.000000 1.000000
rs7304579 rs3851581 0.678817 0.118025
rs7304579 rs7306372 1.000000 1.000000
rs7304579 rs10845279 1.000000 1.000000
rs7304579 rs10845284 1.000000 1.000000
rs7304579 rs139039142 1.000000 0.272237
rs7304579 rs528244601 0.999999 0.067109
rs7304579 rs7956586 0.598305 0.120025
rs7304579 rs144926871 0.774875 0.205293
rs7304579 rs117353112 0.774875 0.205293
rs7304579 rs115693778 1.000000 0.272237
rs7304579 rs4298989 1.000000 0.928713
rs7304579 rs115455847 0.774875 0.205293
rs7304579 rs3936285 1.000000 0.272237
rs7304579 rs114999666 0.774875 0.205293
rs7304579 rs117341576 0.774875 0.205293
rs7304579 rs10772411 1.000000 1.000000
rs7304579 rs6488333 0.999772 0.083413
rs7304579 rs201303598 0.774875 0.205293
rs7304579 rs73064913 0.777842 0.206868
rs7304579 rs138112356 0.777842 0.206868
rs7304579 rs147498412 1.000000 0.272237
rs7304579 rs2255418 0.999772 0.083413
rs7304579 rs10845281 1.000000 1.000000
rs7304579 rs4763627 1.000000 0.700415
rs7304579 rs72477443 1.000000 0.272237
rs7304579 rs138432187 1.000000 0.272237
rs7304579 rs116950552 0.774875 0.205293
rs7304579 rs3851582 1.000000 0.272237
rs7304579 rs35530372 1.000000 1.000000
rs7304579 rs117105329 1.000000 0.272237
rs7304579 rs143454161 1.000000 0.272237
rs7304579 rs116645945 0.777842 0.206868
rs7304579 rs7305588 1.000000 1.000000
rs7304579 rs12311429 1.000000 1.000000
rs7304579 rs16925834 0.774875 0.205293
rs7304579 rs138541477 0.629655 0.163441
rs7304579 rs548703043 0.999999 0.067109
rs7304579 rs114311467 1.000000 0.272237
rs7304579 rs143296295 0.777842 0.206868
rs7304579 rs200693741 0.777842 0.206868
rs7304579 rs139069360 1.000000 0.272237
rs7304579 rs149174484 0.774875 0.205293
rs7304579 rs147049106 1.000000 0.272237
rs7304579 rs148008704 0.777842 0.206868
rs7304579 rs4763610 1.000000 1.000000
rs7304579 rs7301164 1.000000 1.000000
rs7304579 rs76913696 0.774875 0.205293
rs7304579 rs146658463 0.999999 0.203219
rs7304579 rs202115483 0.999998 0.554943
rs7304579 rs144622176 0.777842 0.206868
rs7304579 rs78802082 0.774875 0.205293
rs7304579 rs11054077 0.999983 0.184421
rs7304579 rs10772390 0.899100 0.246516
rs7304579 rs114606662 0.774875 0.205293
rs7304579 rs12322464 0.779451 0.425533
rs7304579 rs1901188 1.000000 0.700415
rs7304579 rs71434164 0.999940 0.111045
rs7304579 rs4763613 1.000000 1.000000
rs7304579 rs200922417 0.777842 0.206868
rs7304579 rs145850362 0.777842 0.206868
rs7304579 rs376213840 1.000000 0.272237
rs7304579 rs9803135 1.000000 0.700415
rs7304579 rs11194331 0.999772 0.083413
rs7304579 rs34435271 0.649436 0.089900
rs7304579 rs117717030 0.774875 0.205293
rs7304579 rs11054073 0.603329 0.126141
rs7304579 rs10845270 1.000000 1.000000
rs7304579 rs375853110 1.000000 0.272237
rs7304579 rs114881147 0.777842 0.206868
rs7304579 rs71453420 0.777842 0.206868
rs7304579 rs118010441 0.774875 0.205293
rs7304579 rs10845280 1.000000 1.000000
rs7304579 rs114528612 0.774875 0.205293
rs7304579 rs181956318 0.999999 0.203219
rs7304579 rs145566224 1.000000 0.700415
rs7304579 rs201105330 0.777842 0.206868
rs7304579 rs7489266 1.000000 1.000000
rs7304579 rs191128311 0.999999 0.067109
rs7304579 rs185555731 0.999999 0.067109
rs7304579 rs150426502 0.777842 0.206868
rs7304579 rs553671557 0.999999 0.067109
rs7304579 rs144893089 0.774875 0.205293
rs7304579 rs184951082 0.774875 0.205293
rs7304579 rs146221184 0.777842 0.206868
rs7304579 rs34521533 0.999997 0.346532
rs7304579 rs73051052 1.000000 0.923997
rs7304579 rs1839569 0.643402 0.200835
rs7304579 rs2418223 0.999907 0.065548
rs7304579 rs150406663 0.999999 0.067109
rs7304579 rs117260513 0.624580 0.160817
rs7304579 rs28654530 1.000000 1.000000
rs7304579 rs373128632 1.000000 0.272237
rs7304579 rs79706381 1.000000 0.272237
rs7304579 rs142275791 0.777842 0.206868
rs7304579 rs10772395 0.999772 0.083413
rs7304579 rs7301234 1.000000 1.000000
rs7304579 rs150727471 0.774875 0.205293
rs7304579 rs10845246 0.513714 0.097907
rs7304579 rs67450028 0.777842 0.206868
rs7304579 rs199837440 0.777842 0.206868
rs7304579 rs117626425 1.000000 0.272237
rs7304579 rs11054154 1.000000 1.000000
rs7304579 rs34086172 0.997964 0.052190
rs7304579 rs528571166 0.722577 0.142140
rs7304579 rs149402651 1.000000 0.272237
rs7304579 rs10845282 1.000000 1.000000
rs7304579 rs144214109 0.777842 0.206868
rs7304579 rs34847625 0.997964 0.052190
rs7304579 rs76724848 0.777842 0.206868
rs7304579 rs117878205 1.000000 0.272237
rs7304579 rs7304814 0.999999 0.465345
rs7304579 rs35846189 1.000000 0.700415
rs7304579 rs68157013 0.672735 0.325220
rs7304579 rs149564590 0.777842 0.206868
rs7304579 rs200599730 0.777842 0.206868
rs7304579 rs10845267 1.000000 1.000000
rs7304579 rs111251155 1.000000 0.272237
rs7304579 rs114206867 1.000000 0.272237
rs7304579 rs536760520 1.000000 0.272237
rs7304579 rs35977481 1.000000 1.000000
rs7304579 rs4763607 1.000000 1.000000
rs7304579 rs2418304 0.777842 0.206868
rs7304579 rs10845274 1.000000 1.000000
rs7304579 rs367913377 1.000000 0.272237
rs7304579 rs71453411 1.000000 0.700415
rs7304579 rs143263669 1.000000 0.272237
rs7304579 rs7310233 1.000000 1.000000
rs7304579 rs115299813 1.000000 0.272237
rs7304579 rs28414974 1.000000 1.000000
rs7304579 rs199896414 0.609086 0.370986
rs7304579 rs12311635 1.000000 1.000000
rs7304579 rs11054158 1.000000 1.000000
rs7304579 rs144349891 1.000000 0.272237
rs7304579 rs145994947 0.777842 0.206868
rs7304579 rs116204767 0.774875 0.205293
rs7304579 rs200986566 0.999998 0.554943
rs7304579 rs117504311 0.774875 0.205293
rs7304579 rs116319922 0.517043 0.129190
rs7304579 rs16925868 0.774875 0.205293
rs7304579 rs148550170 0.777842 0.206868
rs7304579 rs144614950 0.777842 0.206868
rs7304579 rs147782926 0.655006 0.237880
rs7304579 rs4763621 0.685650 0.436603
rs7304579 rs547654632 0.999999 0.067109
rs7304579 rs11526041 1.000000 0.700415
rs7304579 rs145448126 0.777842 0.206868
rs7304579 rs76209097 1.000000 0.774216
rs7304579 rs2597975 0.999772 0.083413
rs7304579 rs2257110 0.999772 0.083413
rs7304579 rs139905132 0.777842 0.206868
rs7304579 rs67487380 1.000000 0.700415
rs7304579 rs75010611 0.774875 0.205293
rs7304579 rs116290704 1.000000 0.272237
rs7304579 rs112665659 1.000000 0.700415
rs7304579 rs7301147 1.000000 1.000000
rs7304579 rs2418302 1.000000 0.700415
rs7304579 rs11054075 0.513714 0.097907
rs7304579 rs115153254 0.774875 0.205293
rs7304579 rs7302419 1.000000 1.000000
rs7304579 rs11054145 1.000000 1.000000
rs7304579 rs115676461 0.777842 0.206868
rs7304579 rs117257306 0.774875 0.205293
rs7304579 rs34211071 1.000000 1.000000
rs7304579 rs10743936 0.999938 0.070594
rs7304579 rs115964020 0.777842 0.206868
rs7304579 rs10845248 0.678817 0.118025
rs7304579 rs143341407 0.777842 0.206868
rs7304579 rs66461820 0.658706 0.252342
rs7304579 rs4763606 1.000000 1.000000
rs7304579 rs115044966 0.774875 0.205293
rs7304579 rs149415320 1.000000 0.272237
rs7304579 rs71443636 0.669336 0.304293
rs7304579 rs147599271 0.777842 0.206868
rs7304579 rs71443635 0.999999 0.465345
rs7304579 rs3851584 0.507699 0.092385
rs7304579 rs115771040 0.774875 0.205293
rs7304579 rs4553441 1.000000 1.000000
rs7304579 rs372854040 0.777842 0.206868
rs7304579 rs115302268 1.000000 0.272237
rs7304579 rs73064960 0.632740 0.081361
rs7304579 rs7137343 1.000000 1.000000
rs7304579 rs75939476 0.986613 0.051980
rs7304579 rs4763608 1.000000 1.000000
rs7304579 rs375909405 0.577219 0.307859
rs7304579 rs10845268 1.000000 1.000000
rs7304579 rs1839568 0.643402 0.200835
rs7304579 rs7301364 1.000000 1.000000
rs7304579 rs7305587 1.000000 1.000000
rs7304579 rs572819415 0.999999 0.203219
rs7304579 rs199510212 0.777842 0.206868
rs7304579 rs117916118 0.777842 0.206868
rs7304579 rs12311627 1.000000 0.700415
rs7304579 rs181189568 0.999999 0.067109
rs7304579 rs12321023 1.000000 1.000000
rs7304579 rs28419178 1.000000 0.700415
rs7304579 rs71443638 0.999999 0.679207
rs7304579 rs7307031 1.000000 1.000000
rs7304579 rs12296784 1.000000 0.700415
rs7304579 rs12306939 1.000000 1.000000
rs7304579 rs117430287 1.000000 0.272237
rs7304579 rs34179102 1.000000 1.000000
rs7304579 rs10845273 1.000000 1.000000
rs7304579 rs150621055 0.777842 0.206868
rs7304579 rs10845291 1.000000 0.700415
rs7304579 rs718111 0.603329 0.126141
rs7304579 rs12305080 1.000000 1.000000
rs7304579 rs532001352 0.999999 0.067109
rs7304579 rs114033618 0.774875 0.205293
rs7304579 rs200967675 0.999999 0.134846
rs7304579 rs4763598 0.999814 0.078884
rs7304579 rs7138834 1.000000 1.000000
rs7304579 rs28630880 1.000000 1.000000
rs7304579 rs143552376 0.777842 0.206868
rs7304579 rs35543791 1.000000 1.000000
rs7304579 rs115944869 1.000000 0.272237
rs7304579 rs114619294 1.000000 0.272237
rs7304579 rs11054136 1.000000 1.000000
rs7304579 rs116206007 0.774875 0.205293
rs7304579 rs115326499 0.774875 0.205293
rs7304579 rs67443370 1.000000 1.000000
rs7304579 rs370133883 0.777842 0.206868
rs7304579 rs143724358 0.777842 0.206868
