Caffeine metabolism (plasma 1,3,7-trimethylxanthine (caffeine) level) NHGRI-EBI GWAS catalog T 5.00e-18 EFO:0007872
Platelet distribution width NHGRI-EBI GWAS catalog T 4.00e-10 EFO:0007984
Caffeine metabolism (plasma 1,7-dimethylxanthine (paraxanthine) to 1,3,7-trimethylxanthine (caffeine) ratio) NHGRI-EBI GWAS catalog T 4.00e-15 EFO:0007872
Caffeine metabolism (plasma 1,3-dimethylxanthine (theophylline) level) NHGRI-EBI GWAS catalog T 1.00e-7 EFO:0007872
Caffeine consumption NHGRI-EBI GWAS catalog T 5.00e-14 EFO:0004330
Coffee consumption NHGRI-EBI GWAS catalog T 2.00e-11 EFO:0004330, EFO:0006782
Coffee consumption NHGRI-EBI GWAS catalog T 5.00e-19 EFO:0004330, EFO:0006782
Variation rs4803373 Caffeine metabolism (plasma 1,7-dimethylxanthine (paraxanthine) to 1,3,7-trimethylxanthine (caffeine) ratio) NHGRI-EBI GWAS catalog
Variation rs56113850 Caffeine metabolism (plasma 1,7-dimethylxanthine (paraxanthine) level) NHGRI-EBI GWAS catalog
Variation rs2470893 Caffeine metabolism (plasma 1,7-dimethylxanthine (paraxanthine) to 1,3,7-trimethylxanthine (caffeine) ratio) NHGRI-EBI GWAS catalog
Variation rs184589612 Caffeine metabolism (plasma 1,7-dimethylxanthine (paraxanthine) to 1,3,7-trimethylxanthine (caffeine) ratio) NHGRI-EBI GWAS catalog
Variation rs5828081 Caffeine metabolism (plasma 1,7-dimethylxanthine (paraxanthine) to 1,3,7-trimethylxanthine (caffeine) ratio) NHGRI-EBI GWAS catalog
Variation rs12909047 Caffeine metabolism (plasma 1,7-dimethylxanthine (paraxanthine) to 1,3,7-trimethylxanthine (caffeine) ratio) NHGRI-EBI GWAS catalog
Variation rs2472297 Caffeine metabolism (plasma 1,3-dimethylxanthine (theophylline) level) NHGRI-EBI GWAS catalog
Variation rs10275488 Caffeine metabolism (plasma 1,3,7-trimethylxanthine (caffeine) level) NHGRI-EBI GWAS catalog
Variation rs4410790 Caffeine metabolism (plasma 1,7-dimethylxanthine (paraxanthine) to 1,3,7-trimethylxanthine (caffeine) ratio) NHGRI-EBI GWAS catalog
Variation rs2892838 Caffeine metabolism (plasma 1,3,7-trimethylxanthine (caffeine) level) NHGRI-EBI GWAS catalog
Variation rs1260326 Caffeine metabolism (plasma 1,7-dimethylxanthine (paraxanthine) to 1,3,7-trimethylxanthine (caffeine) ratio) NHGRI-EBI GWAS catalog
Variation rs10683220 Caffeine metabolism (plasma 1,3,7-trimethylxanthine (caffeine) level) NHGRI-EBI GWAS catalog
Variation rs2470893 Caffeine metabolism (plasma 1,3-dimethylxanthine (theophylline) level) NHGRI-EBI GWAS catalog
Variation rs62005807 Caffeine metabolism (plasma 1,3,7-trimethylxanthine (caffeine) level) NHGRI-EBI GWAS catalog
Variation rs2470893 Caffeine metabolism (plasma 1,3,7-trimethylxanthine (caffeine) level) NHGRI-EBI GWAS catalog
Variation rs2472297 Caffeine metabolism (plasma 1,7-dimethylxanthine (paraxanthine) to 1,3,7-trimethylxanthine (caffeine) ratio) NHGRI-EBI GWAS catalog
Variation rs11400459 Caffeine metabolism (plasma 1,7-dimethylxanthine (paraxanthine) to 1,3,7-trimethylxanthine (caffeine) ratio) NHGRI-EBI GWAS catalog
Variation rs200292835 Caffeine metabolism (plasma 1,7-dimethylxanthine (paraxanthine) to 1,3,7-trimethylxanthine (caffeine) ratio) NHGRI-EBI GWAS catalog
Variation rs35107470 Caffeine metabolism (plasma 1,7-dimethylxanthine (paraxanthine) to 1,3,7-trimethylxanthine (caffeine) ratio) NHGRI-EBI GWAS catalog
Variation rs7260629 Caffeine metabolism (plasma 1,7-dimethylxanthine (paraxanthine) to 1,3,7-trimethylxanthine (caffeine) ratio) NHGRI-EBI GWAS catalog
Variation rs62391270 Caffeine metabolism (plasma 1,7-dimethylxanthine (paraxanthine) level) NHGRI-EBI GWAS catalog
Variation rs10683220 Caffeine metabolism (plasma 1,7-dimethylxanthine (paraxanthine) to 1,3,7-trimethylxanthine (caffeine) ratio) NHGRI-EBI GWAS catalog
Variation rs6968554 Caffeine metabolism (plasma 1,7-dimethylxanthine (paraxanthine) to 1,3,7-trimethylxanthine (caffeine) ratio) NHGRI-EBI GWAS catalog
Variation rs56881024 Caffeine metabolism (plasma 1,7-dimethylxanthine (paraxanthine) to 1,3,7-trimethylxanthine (caffeine) ratio) NHGRI-EBI GWAS catalog
Variation rs62005807 Caffeine metabolism (plasma 1,7-dimethylxanthine (paraxanthine) to 1,3,7-trimethylxanthine (caffeine) ratio) NHGRI-EBI GWAS catalog
Variation rs35107470 Caffeine metabolism (plasma 1,3,7-trimethylxanthine (caffeine) level) NHGRI-EBI GWAS catalog
Variation rs2472297 Caffeine metabolism (plasma 1,3,7-trimethylxanthine (caffeine) level) NHGRI-EBI GWAS catalog
Variation rs11400459 Caffeine metabolism (plasma 1,3,7-trimethylxanthine (caffeine) level) NHGRI-EBI GWAS catalog
Variation rs72480748 Caffeine metabolism (plasma 1,7-dimethylxanthine (paraxanthine) to 1,3,7-trimethylxanthine (caffeine) ratio) NHGRI-EBI GWAS catalog
Variation rs56113850 Caffeine metabolism (plasma 1,7-dimethylxanthine (paraxanthine) to 1,3,7-trimethylxanthine (caffeine) ratio) NHGRI-EBI GWAS catalog
Variation rs10275488 Caffeine metabolism (plasma 1,7-dimethylxanthine (paraxanthine) to 1,3,7-trimethylxanthine (caffeine) ratio) NHGRI-EBI GWAS catalog
Variation rs12909047 Caffeine metabolism (plasma 1,3,7-trimethylxanthine (caffeine) level) NHGRI-EBI GWAS catalog
Variation rs78011401 Caffeine metabolism (plasma 1,7-dimethylxanthine (paraxanthine) to 1,3,7-trimethylxanthine (caffeine) ratio) NHGRI-EBI GWAS catalog
Variation rs6968554 Caffeine metabolism (plasma 1,3,7-trimethylxanthine (caffeine) level) NHGRI-EBI GWAS catalog
Variation rs12909047 Caffeine metabolism (plasma 1,3-dimethylxanthine (theophylline) level) NHGRI-EBI GWAS catalog
Variation rs66500423 Caffeine metabolism (plasma 1,7-dimethylxanthine (paraxanthine) to 1,3,7-trimethylxanthine (caffeine) ratio) NHGRI-EBI GWAS catalog
Variation rs4410790 Caffeine metabolism (plasma 1,3,7-trimethylxanthine (caffeine) level) NHGRI-EBI GWAS catalog
Variation rs56267346 Caffeine metabolism (plasma 1,7-dimethylxanthine (paraxanthine) to 1,3,7-trimethylxanthine (caffeine) ratio) NHGRI-EBI GWAS catalog
Variation rs4802096 Caffeine metabolism (plasma 1,7-dimethylxanthine (paraxanthine) to 1,3,7-trimethylxanthine (caffeine) ratio) NHGRI-EBI GWAS catalog
Variation rs67210567 Caffeine metabolism (plasma 1,7-dimethylxanthine (paraxanthine) to 1,3,7-trimethylxanthine (caffeine) ratio) NHGRI-EBI GWAS catalog
Variation rs2892838 Caffeine metabolism (plasma 1,7-dimethylxanthine (paraxanthine) to 1,3,7-trimethylxanthine (caffeine) ratio) NHGRI-EBI GWAS catalog
Variation rs28399442 Caffeine metabolism (plasma 1,7-dimethylxanthine (paraxanthine) to 1,3,7-trimethylxanthine (caffeine) ratio) NHGRI-EBI GWAS catalog
Variation rs11668399 Caffeine metabolism (plasma 1,7-dimethylxanthine (paraxanthine) to 1,3,7-trimethylxanthine (caffeine) ratio) NHGRI-EBI GWAS catalog
Variation rs10425738 Caffeine metabolism (plasma 1,7-dimethylxanthine (paraxanthine) to 1,3,7-trimethylxanthine (caffeine) ratio) NHGRI-EBI GWAS catalog
Variation rs28602288 Caffeine metabolism (plasma 1,7-dimethylxanthine (paraxanthine) to 1,3,7-trimethylxanthine (caffeine) ratio) NHGRI-EBI GWAS catalog
Variation rs56113850 Caffeine metabolism (plasma 3,7-dimethylxanthine (theobromine) level) NHGRI-EBI GWAS catalog
Variation rs35107470 Caffeine metabolism (plasma 1,3-dimethylxanthine (theophylline) level) NHGRI-EBI GWAS catalog
